# JRE version: OpenJDK Runtime Environment (21.0.10) (build 21.0.10+-14961533-b1163.108)
# Java VM: OpenJDK 64-Bit Server VM (21.0.10+-14961533-b1163.108, mixed mode, tiered, compressed oops, compressed class ptrs, g1 gc, windows-amd64)
GC Precious Log:
 CardTable entry size: 512
 Card Set container configuration: InlinePtr #cards 4 size 8 Array Of Cards #cards 32 size 80 Howl #buckets 8 coarsen threshold 7372 Howl Bitmap #cards 1024 size 144 coarsen threshold 921 Card regions per heap region 1 cards per card region 8192
 CPUs: 12 total, 12 available
 Memory: 7521M
 Large Page Support: Disabled
 NUMA Support: Disabled
 Compressed Oops: Enabled (Zero based)
 Heap Region Size: 4M
 Heap Min Capacity: 8M
 Heap Initial Capacity: 120M
 Heap Max Capacity: 8G
 Pre-touch: Disabled
 Parallel Workers: 10
 Concurrent Workers: 3
 Concurrent Refinement Workers: 10
 Periodic GC: Disabled
Heap:
 garbage-first heap   total 851968K, used 340418K [0x0000000600000000, 0x0000000800000000)
  region size 4096K, 6 young (24576K), 6 survivors (24576K)
 Metaspace       used 207957K, committed 210816K, reserved 1245184K
  class space    used 27746K, committed 29120K, reserved 1048576K
GC Heap History (20 events):
Event: 77.743 GC heap after
{Heap after GC invocations=73 (full 0):
 garbage-first heap   total 671744K, used 248612K [0x0000000600000000, 0x0000000800000000)
  region size 4096K, 4 young (16384K), 4 survivors (16384K)
 Metaspace       used 206829K, committed 209664K, reserved 1245184K
  class space    used 27699K, committed 29056K, reserved 1048576K
}
Event: 93.583 GC heap before
{Heap before GC invocations=74 (full 0):
 garbage-first heap   total 671744K, used 629540K [0x0000000600000000, 0x0000000800000000)
  region size 4096K, 98 young (401408K), 4 survivors (16384K)
 Metaspace       used 207932K, committed 210752K, reserved 1245184K
  class space    used 27756K, committed 29120K, reserved 1048576K
}
Event: 93.628 GC heap after
{Heap after GC invocations=75 (full 0):
 garbage-first heap   total 671744K, used 268511K [0x0000000600000000, 0x0000000800000000)
  region size 4096K, 9 young (36864K), 9 survivors (36864K)
 Metaspace       used 207932K, committed 210752K, reserved 1245184K
  class space    used 27756K, committed 29120K, reserved 1048576K
}
Event: 94.606 GC heap before
{Heap before GC invocations=75 (full 0):
 garbage-first heap   total 671744K, used 628959K [0x0000000600000000, 0x0000000800000000)
  region size 4096K, 98 young (401408K), 9 survivors (36864K)
 Metaspace       used 207935K, committed 210752K, reserved 1245184K
  class space    used 27756K, committed 29120K, reserved 1048576K
}
Event: 94.634 GC heap after
{Heap after GC invocations=76 (full 0):
 garbage-first heap   total 684032K, used 273598K [0x0000000600000000, 0x0000000800000000)
  region size 4096K, 8 young (32768K), 8 survivors (32768K)
 Metaspace       used 207935K, committed 210752K, reserved 1245184K
  class space    used 27756K, committed 29120K, reserved 1048576K
}
Event: 95.057 GC heap before
{Heap before GC invocations=76 (full 0):
 garbage-first heap   total 684032K, used 371902K [0x0000000600000000, 0x0000000800000000)
  region size 4096K, 34 young (139264K), 8 survivors (32768K)
 Metaspace       used 207936K, committed 210752K, reserved 1245184K
  class space    used 27756K, committed 29120K, reserved 1048576K
}
Event: 95.072 GC heap after
{Heap after GC invocations=77 (full 0):
 garbage-first heap   total 684032K, used 276794K [0x0000000600000000, 0x0000000800000000)
  region size 4096K, 5 young (20480K), 5 survivors (20480K)
 Metaspace       used 207936K, committed 210752K, reserved 1245184K
  class space    used 27756K, committed 29120K, reserved 1048576K
}
Event: 96.152 GC heap before
{Heap before GC invocations=78 (full 0):
 garbage-first heap   total 684032K, used 641338K [0x0000000600000000, 0x0000000800000000)
  region size 4096K, 94 young (385024K), 5 survivors (20480K)
 Metaspace       used 207940K, committed 210752K, reserved 1245184K
  class space    used 27756K, committed 29120K, reserved 1048576K
}
Event: 96.163 GC heap after
{Heap after GC invocations=79 (full 0):
 garbage-first heap   total 684032K, used 289252K [0x0000000600000000, 0x0000000800000000)
  region size 4096K, 7 young (28672K), 7 survivors (28672K)
 Metaspace       used 207940K, committed 210752K, reserved 1245184K
  class space    used 27756K, committed 29120K, reserved 1048576K
}
Event: 97.250 GC heap before
{Heap before GC invocations=79 (full 0):
 garbage-first heap   total 684032K, used 637412K [0x0000000600000000, 0x0000000800000000)
  region size 4096K, 93 young (380928K), 7 survivors (28672K)
 Metaspace       used 207961K, committed 210752K, reserved 1245184K
  class space    used 27756K, committed 29120K, reserved 1048576K
}
Event: 97.310 GC heap after
{Heap after GC invocations=80 (full 0):
 garbage-first heap   total 851968K, used 314492K [0x0000000600000000, 0x0000000800000000)
  region size 4096K, 12 young (49152K), 12 survivors (49152K)
 Metaspace       used 207961K, committed 210752K, reserved 1245184K
  class space    used 27756K, committed 29120K, reserved 1048576K
}
Event: 97.966 GC heap before
{Heap before GC invocations=80 (full 0):
 garbage-first heap   total 851968K, used 769148K [0x0000000600000000, 0x0000000800000000)
  region size 4096K, 124 young (507904K), 12 survivors (49152K)
 Metaspace       used 207981K, committed 210816K, reserved 1245184K
  class space    used 27757K, committed 29120K, reserved 1048576K
}
Event: 97.988 GC heap after
{Heap after GC invocations=81 (full 0):
 garbage-first heap   total 851968K, used 324036K [0x0000000600000000, 0x0000000800000000)
  region size 4096K, 9 young (36864K), 9 survivors (36864K)
 Metaspace       used 207981K, committed 210816K, reserved 1245184K
  class space    used 27757K, committed 29120K, reserved 1048576K
}
Event: 98.457 GC heap before
{Heap before GC invocations=81 (full 0):
 garbage-first heap   total 851968K, used 786884K [0x0000000600000000, 0x0000000800000000)
  region size 4096K, 124 young (507904K), 9 survivors (36864K)
 Metaspace       used 207988K, committed 210816K, reserved 1245184K
  class space    used 27759K, committed 29120K, reserved 1048576K
}
Event: 98.476 GC heap after
{Heap after GC invocations=82 (full 0):
 garbage-first heap   total 851968K, used 329705K [0x0000000600000000, 0x0000000800000000)
  region size 4096K, 11 young (45056K), 11 survivors (45056K)
 Metaspace       used 207988K, committed 210816K, reserved 1245184K
  class space    used 27759K, committed 29120K, reserved 1048576K
}
Event: 98.906 GC heap before
{Heap before GC invocations=82 (full 0):
 garbage-first heap   total 851968K, used 788457K [0x0000000600000000, 0x0000000800000000)
  region size 4096K, 124 young (507904K), 11 survivors (45056K)
 Metaspace       used 207997K, committed 210816K, reserved 1245184K
  class space    used 27759K, committed 29120K, reserved 1048576K
}
Event: 98.923 GC heap after
{Heap after GC invocations=83 (full 0):
 garbage-first heap   total 851968K, used 331150K [0x0000000600000000, 0x0000000800000000)
  region size 4096K, 4 young (16384K), 4 survivors (16384K)
 Metaspace       used 207997K, committed 210816K, reserved 1245184K
  class space    used 27759K, committed 29120K, reserved 1048576K
}
Event: 99.960 GC heap before
{Heap before GC invocations=84 (full 0):
 garbage-first heap   total 851968K, used 798094K [0x0000000600000000, 0x0000000800000000)
  region size 4096K, 119 young (487424K), 4 survivors (16384K)
 Metaspace       used 207957K, committed 210816K, reserved 1245184K
  class space    used 27746K, committed 29120K, reserved 1048576K
}
Event: 99.969 GC heap after
{Heap after GC invocations=85 (full 0):
 garbage-first heap   total 851968K, used 329194K [0x0000000600000000, 0x0000000800000000)
  region size 4096K, 4 young (16384K), 4 survivors (16384K)
 Metaspace       used 207957K, committed 210816K, reserved 1245184K
  class space    used 27746K, committed 29120K, reserved 1048576K
}
Event: 100.417 GC heap before
{Heap before GC invocations=85 (full 0):
 garbage-first heap   total 851968K, used 804330K [0x0000000600000000, 0x0000000800000000)
  region size 4096K, 119 young (487424K), 4 survivors (16384K)
 Metaspace       used 207957K, committed 210816K, reserved 1245184K
  class space    used 27746K, committed 29120K, reserved 1048576K
}

